<?xml version="1.0" encoding="UTF-8"?>
<testsuite xmlns:xsi="http://www.w3.org/2001/XMLSchema-instance" xsi:noNamespaceSchemaLocation="https://maven.apache.org/surefire/maven-surefire-plugin/xsd/surefire-test-report-3.0.xsd" version="3.0" name="conduitApp.ConduitTest" time="11.921" tests="2" errors="1" skipped="0" failures="0">
  <properties>
[...]
</properties>
  <testcase name="[1.1:30] Scenario Outline name: New user Sign Up" classname="conduitApp/feature/SingUp" time="3.758">
    <system-out><![CDATA[23:32:46.334 [main] DEBUG com.intuit.karate.Suite - [config] classpath:karate-config.js
23:32:47.603 [main] INFO  com.intuit.karate - karate.env system property was: null 
23:32:47.609 [main] INFO  com.intuit.karate - >> lock acquired, begin callSingle: classpath:helpers/CreateToken.feature
23:32:47.656 [main] INFO  com.intuit.karate - [print] Valor de apiUrl: https://conduit-api.bondaracademy.com/api/ 
23:32:48.017 [main] DEBUG com.intuit.karate - request:
1 > POST https://conduit-api.bondaracademy.com/api/users/login
1 > Content-Type: application/json; charset=UTF-8
1 > Content-Length: 64
1 > Host: conduit-api.bondaracademy.com
1 > Connection: Keep-Alive
1 > User-Agent: Apache-HttpClient/4.5.14 (Java/17.0.10)
1 > Accept-Encoding: gzip,deflate
{"user":{"email":"zony123rbd@gmail.com","password":"123456789"}}

23:32:49.440 [main] DEBUG com.intuit.karate - response time in milliseconds: 1419
1 < 200
1 < x-powered-by: Express
1 < vary: Origin
1 < content-type: application/json; charset=utf-8
1 < etag: W/"140-VAbxAM/R8CYnSbaLXN3Ri8E+m6Y"
1 < x-cloud-trace-context: 32e75b7c3bd9c55ccf4916b55423024d
1 < date: Tue, 13 May 2025 04:32:50 GMT
1 < server: Google Frontend
1 < Content-Length: 320
{"user":{"email":"zony123rbd@gmail.com","username":"sandrovillegas","bio":"asd","image":"https://conduit-api.bondaracademy.com/images/smiley-cyrus.jpeg","token":"eyJhbGciOiJIUzI1NiIsInR5cCI6IkpXVCJ9.eyJ1c2VyIjp7ImlkIjoyNTIxM30sImlhdCI6MTc0NzExMDc3MCwiZXhwIjoxNzUyMjk0NzcwfQ.X_Bo1pDVeMRtFkrMkWYunR6xZHwDyUE0Qu8H7FpCbqQ"}}

23:32:49.448 [main] INFO  com.intuit.karate - << lock released, cached callSingle: classpath:helpers/CreateToken.feature
23:32:49.682 [main] DEBUG com.intuit.karate - request:
1 > POST https://conduit-api.bondaracademy.com/api/users
1 > Authorization: Token eyJhbGciOiJIUzI1NiIsInR5cCI6IkpXVCJ9.eyJ1c2VyIjp7ImlkIjoyNTIxM30sImlhdCI6MTc0NzExMDc3MCwiZXhwIjoxNzUyMjk0NzcwfQ.X_Bo1pDVeMRtFkrMkWYunR6xZHwDyUE0Qu8H7FpCbqQ
1 > Content-Type: application/json; charset=UTF-8
1 > Content-Length: 85
1 > Host: conduit-api.bondaracademy.com
1 > Connection: Keep-Alive
1 > User-Agent: Apache-HttpClient/4.5.14 (Java/17.0.10)
1 > Accept-Encoding: gzip,deflate
{"user":{"email":"carey@yopmail.com","password":"12345689","username":"colin.berge"}}

23:32:50.550 [main] DEBUG com.intuit.karate - response time in milliseconds: 866
1 < 201
1 < x-powered-by: Express
1 < vary: Origin
1 < content-type: application/json; charset=utf-8
1 < etag: W/"144-wqTmCaRsVA/+GCLz69GolPILTQg"
1 < x-cloud-trace-context: 7986557a394896497be7db673f609da7;o=1
1 < date: Tue, 13 May 2025 04:32:51 GMT
1 < server: Google Frontend
1 < Content-Length: 324
{"user":{"id":26559,"email":"carey@yopmail.com","username":"colin.berge","bio":null,"image":"https://conduit-api.bondaracademy.com/images/smiley-cyrus.jpeg","token":"eyJhbGciOiJIUzI1NiIsInR5cCI6IkpXVCJ9.eyJ1c2VyIjp7ImlkIjoyNjU1OX0sImlhdCI6MTc0NzExMDc3MSwiZXhwIjoxNzUyMjk0NzcxfQ.K0BYsVzr4NtD12smo0bm8EAJ1PKyrZlSJeyzzr8waho"}}

---------------------------------------------------------
feature: classpath:conduitApp/feature/SingUp.feature
scenarios:  1 | passed:  1 | failed:  0 | time: 1.0951
---------------------------------------------------------

]]></system-out>
  </testcase>
  <testcase name="testParallel" classname="conduitApp.ConduitTest" time="5.5">
    <error message="&apos;boolean org.apache.commons.lang3.ObjectUtils.isNotEmpty(java.lang.Object)&apos;" type="java.lang.NoSuchMethodError"><![CDATA[java.lang.NoSuchMethodError: 'boolean org.apache.commons.lang3.ObjectUtils.isNotEmpty(java.lang.Object)'
	at net.masterthought.cucumber.ReportParser.parseClassificationsFiles(ReportParser.java:129)
	at net.masterthought.cucumber.ReportBuilder.generateReports(ReportBuilder.java:94)
	at conduitApp.ConduitTest.generateReport(ConduitTest.java:41)
	at conduitApp.ConduitTest.testParallel(ConduitTest.java:31)
	at java.base/java.lang.reflect.Method.invoke(Method.java:568)
	at java.base/java.util.ArrayList.forEach(ArrayList.java:1511)
	at java.base/java.util.ArrayList.forEach(ArrayList.java:1511)
]]></error>
    <system-out><![CDATA[23:32:51.626 [main] DEBUG com.intuit.karate.Suite - [config] classpath:karate-config.js
23:32:51.631 [main] INFO  com.intuit.karate.Suite - backed up existing 'target\karate-reports' dir to: target\karate-reports_1747110771627
23:32:51.634 [main] DEBUG com.intuit.karate.Suite - waiting for 3 features to complete
23:32:51.644 [main] INFO  com.intuit.karate - karate.env system property was: null 
23:32:51.645 [main] INFO  com.intuit.karate - >> lock acquired, begin callSingle: classpath:helpers/CreateToken.feature
23:32:51.655 [main] INFO  com.intuit.karate - [print] Valor de apiUrl: https://conduit-api.bondaracademy.com/api/ 
23:32:51.660 [main] DEBUG com.intuit.karate - request:
1 > POST https://conduit-api.bondaracademy.com/api/users/login
1 > Content-Type: application/json; charset=UTF-8
1 > Content-Length: 64
1 > Host: conduit-api.bondaracademy.com
1 > Connection: Keep-Alive
1 > User-Agent: Apache-HttpClient/4.5.14 (Java/17.0.10)
1 > Accept-Encoding: gzip,deflate
{"user":{"email":"zony123rbd@gmail.com","password":"123456789"}}

23:32:52.503 [main] DEBUG com.intuit.karate - response time in milliseconds: 842
1 < 200
1 < x-powered-by: Express
1 < vary: Origin
1 < content-type: application/json; charset=utf-8
1 < etag: W/"140-awA13wmr561LzSrOivQVZrXGHZ8"
1 < x-cloud-trace-context: af50a85e7f1530f8d1aaaefbd5fe527d
1 < date: Tue, 13 May 2025 04:32:53 GMT
1 < server: Google Frontend
1 < Content-Length: 320
{"user":{"email":"zony123rbd@gmail.com","username":"sandrovillegas","bio":"asd","image":"https://conduit-api.bondaracademy.com/images/smiley-cyrus.jpeg","token":"eyJhbGciOiJIUzI1NiIsInR5cCI6IkpXVCJ9.eyJ1c2VyIjp7ImlkIjoyNTIxM30sImlhdCI6MTc0NzExMDc3MywiZXhwIjoxNzUyMjk0NzczfQ.dPpaByRmw2IA6ZsjstbwPCmSoCgHs8GWIUtbp_E4UGw"}}

23:32:52.504 [main] INFO  com.intuit.karate - << lock released, cached callSingle: classpath:helpers/CreateToken.feature
23:32:52.508 [main] DEBUG com.intuit.karate - request:
1 > POST https://conduit-api.bondaracademy.com/api/articles
1 > Authorization: Token eyJhbGciOiJIUzI1NiIsInR5cCI6IkpXVCJ9.eyJ1c2VyIjp7ImlkIjoyNTIxM30sImlhdCI6MTc0NzExMDc3MywiZXhwIjoxNzUyMjk0NzczfQ.dPpaByRmw2IA6ZsjstbwPCmSoCgHs8GWIUtbp_E4UGw
1 > Content-Type: application/json; charset=UTF-8
1 > Content-Length: 104
1 > Host: conduit-api.bondaracademy.com
1 > Connection: Keep-Alive
1 > User-Agent: Apache-HttpClient/4.5.14 (Java/17.0.10)
1 > Accept-Encoding: gzip,deflate
{"article":{"tagList":[],"title":"asdsas2SSSdSSSWEs wssss","description":"das223","body":"dsa2da424s2"}}

23:32:53.475 [main] DEBUG com.intuit.karate - response time in milliseconds: 967
1 < 422
1 < x-powered-by: Express
1 < vary: Origin
1 < content-type: application/json; charset=utf-8
1 < etag: W/"27-BNeuaWQ7DHvW/r+pl+qdJiF06Is"
1 < x-cloud-trace-context: 5fc7730f7cd73d290d3169d05806a67c
1 < date: Tue, 13 May 2025 04:32:54 GMT
1 < server: Google Frontend
1 < Content-Length: 39
{"errors":{"title":["must be unique"]}}

23:32:53.484 [main] ERROR com.intuit.karate - classpath:conduitApp/feature/Articles.feature:24
Then status 201
status code was: 422, expected: 201, response time in milliseconds: 967, url: https://conduit-api.bondaracademy.com/api/articles, response: 
{"errors":{"title":["must be unique"]}}
classpath:conduitApp/feature/Articles.feature:24
---------------------------------------------------------
feature: classpath:conduitApp/feature/Articles.feature
scenarios:  1 | passed:  0 | failed:  1 | time: 0.9763
---------------------------------------------------------

23:32:53.843 [main] INFO  com.intuit.karate.Suite - <<fail>> feature 1 of 3 (2 remaining) classpath:conduitApp/feature/Articles.feature
23:32:53.858 [main] INFO  com.intuit.karate - karate.env system property was: null 
23:32:53.868 [main] DEBUG com.intuit.karate - request:
1 > GET https://conduit-api.bondaracademy.com/api/tags
1 > Authorization: Token eyJhbGciOiJIUzI1NiIsInR5cCI6IkpXVCJ9.eyJ1c2VyIjp7ImlkIjoyNTIxM30sImlhdCI6MTc0NzExMDc3MywiZXhwIjoxNzUyMjk0NzczfQ.dPpaByRmw2IA6ZsjstbwPCmSoCgHs8GWIUtbp_E4UGw
1 > Host: conduit-api.bondaracademy.com
1 > Connection: Keep-Alive
1 > User-Agent: Apache-HttpClient/4.5.14 (Java/17.0.10)
1 > Accept-Encoding: gzip,deflate


23:32:55.520 [main] DEBUG com.intuit.karate - response time in milliseconds: 1652
1 < 200
1 < x-powered-by: Express
1 < vary: Origin
1 < content-type: application/json; charset=utf-8
1 < etag: W/"6f-7apsigjGypH+GjXSqzxDIbI4RyU"
1 < x-cloud-trace-context: 7d70e073a9c4727dcd23949091eceec2
1 < date: Tue, 13 May 2025 04:32:55 GMT
1 < server: Google Frontend
1 < Content-Length: 111
{"tags":["Test","YouTube","Zoom","Bondar Academy","12","dasdsa","qa career","QA Skills","Value-Focused","Git"]}

---------------------------------------------------------
feature: classpath:conduitApp/feature/HomePage.feature
scenarios:  1 | passed:  1 | failed:  0 | time: 1.6735
---------------------------------------------------------

23:32:55.639 [main] INFO  com.intuit.karate.Suite - <<pass>> feature 2 of 3 (1 remaining) classpath:conduitApp/feature/HomePage.feature
23:32:55.648 [main] INFO  com.intuit.karate - karate.env system property was: null 
23:32:55.742 [main] DEBUG com.intuit.karate - request:
1 > POST https://conduit-api.bondaracademy.com/api/users
1 > Authorization: Token eyJhbGciOiJIUzI1NiIsInR5cCI6IkpXVCJ9.eyJ1c2VyIjp7ImlkIjoyNTIxM30sImlhdCI6MTc0NzExMDc3MywiZXhwIjoxNzUyMjk0NzczfQ.dPpaByRmw2IA6ZsjstbwPCmSoCgHs8GWIUtbp_E4UGw
1 > Content-Type: application/json; charset=UTF-8
1 > Content-Length: 87
1 > Host: conduit-api.bondaracademy.com
1 > Connection: Keep-Alive
1 > User-Agent: Apache-HttpClient/4.5.14 (Java/17.0.10)
1 > Accept-Encoding: gzip,deflate
{"user":{"email":"deshawn@yopmail.com","password":"12345689","username":"kim.lockman"}}

23:32:56.480 [main] DEBUG com.intuit.karate - response time in milliseconds: 737
1 < 201
1 < x-powered-by: Express
1 < vary: Origin
1 < content-type: application/json; charset=utf-8
1 < etag: W/"146-G7AlMIaOUi85ahOvdpcRlukZaD8"
1 < x-cloud-trace-context: 21b62aa941260662b99671653a90f594
1 < date: Tue, 13 May 2025 04:32:57 GMT
1 < server: Google Frontend
1 < Content-Length: 326
{"user":{"id":26560,"email":"deshawn@yopmail.com","username":"kim.lockman","bio":null,"image":"https://conduit-api.bondaracademy.com/images/smiley-cyrus.jpeg","token":"eyJhbGciOiJIUzI1NiIsInR5cCI6IkpXVCJ9.eyJ1c2VyIjp7ImlkIjoyNjU2MH0sImlhdCI6MTc0NzExMDc3NywiZXhwIjoxNzUyMjk0Nzc3fQ.MTZzJwifb0JmrAc-J6y-L-gHt-kW2jz1rg5R6kLPsUs"}}

---------------------------------------------------------
feature: classpath:conduitApp/feature/SingUp.feature
scenarios:  1 | passed:  1 | failed:  0 | time: 0.8296
---------------------------------------------------------

23:32:56.542 [main] INFO  com.intuit.karate.Suite - <<pass>> feature 3 of 3 (0 remaining) classpath:conduitApp/feature/SingUp.feature
Karate version: 1.5.0
======================================================
elapsed:   5.23 | threads:    1 | thread time: 3.48 
features:     3 | skipped:    0 | efficiency: 0.67
scenarios:    3 | passed:     2 | failed: 1
======================================================
>>> failed features:
status code was: 422, expected: 201, response time in milliseconds: 967, url: https://conduit-api.bondaracademy.com/api/articles, response: 
{"errors":{"title":["must be unique"]}}
classpath:conduitApp/feature/Articles.feature:24
<<<

HTML report: (paste into browser to view) | Karate version: 1.5.0
file:///C:/Users/sandro%20v%20r/OneDrive%20-%20Universidad%20Nacional%20Agraria%20de%20la%20Selva/Desktop/test-practicas/practicas-1/KARATE-FITCODERS/target/karate-reports/karate-summary.html
===================================================================

]]></system-out>
  </testcase>
</testsuite>