<?xml version="1.0" encoding="UTF-8"?>
<testsuite xmlns:xsi="http://www.w3.org/2001/XMLSchema-instance" xsi:noNamespaceSchemaLocation="https://maven.apache.org/surefire/maven-surefire-plugin/xsd/surefire-test-report-3.0.xsd" version="3.0" name="conduitApp.ConduitTest" time="6.388" tests="3" errors="0" skipped="0" failures="0">
  <properties>
[...]
</properties>
  <testcase name="[1:21] create new articulo" classname="conduitApp/feature/Articles" time="1.932">
    <system-out><![CDATA[18:56:14.585 [main] DEBUG com.intuit.karate.Suite - [config] classpath:karate-config.js
18:56:15.771 [main] INFO  com.intuit.karate - karate.env system property was: null 
18:56:15.776 [main] INFO  com.intuit.karate - >> lock acquired, begin callSingle: classpath:Helpers/CreateToken.feature
18:56:15.827 [main] INFO  com.intuit.karate - [print] Valor de apiUrl: https://conduit-api.bondaracademy.com/api/ 
18:56:16.122 [main] DEBUG com.intuit.karate - request:
1 > POST https://conduit-api.bondaracademy.com/api/users/login
1 > Content-Type: application/json; charset=UTF-8
1 > Content-Length: 64
1 > Host: conduit-api.bondaracademy.com
1 > Connection: Keep-Alive
1 > User-Agent: Apache-HttpClient/4.5.14 (Java/17.0.10)
1 > Accept-Encoding: gzip,deflate
{"user":{"email":"zony123rbd@gmail.com","password":"123456789"}}

18:56:16.986 [main] DEBUG com.intuit.karate - response time in milliseconds: 861
1 < 200
1 < x-powered-by: Express
1 < vary: Origin
1 < content-type: application/json; charset=utf-8
1 < etag: W/"140-JnDnsxQD/4D8wQ5/F1nRrY1ZhG0"
1 < x-cloud-trace-context: 196be0cca4e87da10e4fc0194894fdfd;o=1
1 < date: Fri, 02 May 2025 23:56:17 GMT
1 < server: Google Frontend
1 < Content-Length: 320
{"user":{"email":"zony123rbd@gmail.com","username":"sandrovillegas","bio":"asd","image":"https://conduit-api.bondaracademy.com/images/smiley-cyrus.jpeg","token":"eyJhbGciOiJIUzI1NiIsInR5cCI6IkpXVCJ9.eyJ1c2VyIjp7ImlkIjoyNTIxM30sImlhdCI6MTc0NjIzMDE3NywiZXhwIjoxNzUxNDE0MTc3fQ.g34Vthi1Fq387ZFWAUg113SAfW17MiI9WTvzHmIpRy0"}}

18:56:16.993 [main] INFO  com.intuit.karate - << lock released, cached callSingle: classpath:Helpers/CreateToken.feature
---------------------------------------------------------
feature: classpath:conduitApp/feature/Articles.feature
scenarios:  1 | passed:  1 | failed:  0 | time: 0.0008
---------------------------------------------------------

]]></system-out>
  </testcase>
  <testcase name="[1:5] Get all tags" classname="conduitApp/feature/HomePage" time="0.697">
    <system-out><![CDATA[18:56:17.653 [main] INFO  com.intuit.karate - karate.env system property was: null 
18:56:17.659 [main] DEBUG com.intuit.karate - request:
1 > GET https://conduit-api.bondaracademy.com/api/tags
1 > Authorization: Tokenundefined
1 > Host: conduit-api.bondaracademy.com
1 > Connection: Keep-Alive
1 > User-Agent: Apache-HttpClient/4.5.14 (Java/17.0.10)
1 > Accept-Encoding: gzip,deflate


18:56:18.149 [main] DEBUG com.intuit.karate - response time in milliseconds: 490
1 < 200
1 < x-powered-by: Express
1 < vary: Origin
1 < content-type: application/json; charset=utf-8
1 < etag: W/"7a-Qzm8LbZcI9CSF1vyTLcdJG/ujGw"
1 < x-cloud-trace-context: 629ea2dc5e9dfd52ae005f18eb905309
1 < date: Fri, 02 May 2025 23:56:18 GMT
1 < server: Google Frontend
1 < Content-Length: 122
{"tags":["Test","Bondar Academy","YouTube","qa career","QA Skills","Value-Focused","Git","GitHub","Zoom","Live Sessions"]}

---------------------------------------------------------
feature: classpath:conduitApp/feature/HomePage.feature
scenarios:  1 | passed:  1 | failed:  0 | time: 0.5060
---------------------------------------------------------

Karate version: 1.5.0
======================================================
elapsed:   4.03 | threads:    1 | thread time: 0.51 
features:     2 | skipped:    0 | efficiency: 0.13
scenarios:    2 | passed:     2 | failed: 0
======================================================

HTML report: (paste into browser to view) | Karate version: 1.5.0
file:///C:/Users/sandro%20v%20r/OneDrive%20-%20Universidad%20Nacional%20Agraria%20de%20la%20Selva/Desktop/test-practicas/practicas-1/myproject/target/karate-reports/karate-summary.html
===================================================================

]]></system-out>
  </testcase>
  <testcase name="testParallel" classname="conduitApp.ConduitTest" time="1.483">
    <system-out><![CDATA[18:56:18.596 [main] DEBUG com.intuit.karate.Suite - [config] classpath:karate-config.js
18:56:18.600 [main] INFO  com.intuit.karate.Suite - backed up existing 'target\karate-reports' dir to: target\karate-reports_1746230178597
18:56:18.603 [main] DEBUG com.intuit.karate.Suite - waiting for 2 features to complete
18:56:18.626 [pool-2-thread-1] INFO  com.intuit.karate - karate.env system property was: null 
18:56:18.626 [pool-2-thread-2] INFO  com.intuit.karate - karate.env system property was: null 
18:56:18.627 [pool-2-thread-1] INFO  com.intuit.karate - >> lock acquired, begin callSingle: classpath:Helpers/CreateToken.feature
18:56:18.635 [pool-2-thread-1] INFO  com.intuit.karate - [print] Valor de apiUrl: https://conduit-api.bondaracademy.com/api/ 
18:56:18.638 [pool-2-thread-1] DEBUG com.intuit.karate - request:
1 > POST https://conduit-api.bondaracademy.com/api/users/login
1 > Content-Type: application/json; charset=UTF-8
1 > Content-Length: 64
1 > Host: conduit-api.bondaracademy.com
1 > Connection: Keep-Alive
1 > User-Agent: Apache-HttpClient/4.5.14 (Java/17.0.10)
1 > Accept-Encoding: gzip,deflate
{"user":{"email":"zony123rbd@gmail.com","password":"123456789"}}

18:56:19.210 [pool-2-thread-1] DEBUG com.intuit.karate - response time in milliseconds: 571
1 < 200
1 < x-powered-by: Express
1 < vary: Origin
1 < content-type: application/json; charset=utf-8
1 < etag: W/"140-XadELyunhpyKof9Ynq+n3qa1JL0"
1 < x-cloud-trace-context: 0be40bbe36070a5429dfb612a7cd947f
1 < date: Fri, 02 May 2025 23:56:19 GMT
1 < server: Google Frontend
1 < Content-Length: 320
{"user":{"email":"zony123rbd@gmail.com","username":"sandrovillegas","bio":"asd","image":"https://conduit-api.bondaracademy.com/images/smiley-cyrus.jpeg","token":"eyJhbGciOiJIUzI1NiIsInR5cCI6IkpXVCJ9.eyJ1c2VyIjp7ImlkIjoyNTIxM30sImlhdCI6MTc0NjIzMDE3OSwiZXhwIjoxNzUxNDE0MTc5fQ.LCCg2K_0KtfKTgswRAkVfdRVEC64VLFEZC1sKoDW0LY"}}

18:56:19.213 [pool-2-thread-1] INFO  com.intuit.karate - << lock released, cached callSingle: classpath:Helpers/CreateToken.feature
18:56:19.213 [pool-2-thread-2] WARN  com.intuit.karate - this thread waited 586 milliseconds for callSingle lock: classpath:Helpers/CreateToken.feature
18:56:19.217 [pool-2-thread-2] DEBUG com.intuit.karate - request:
1 > GET https://conduit-api.bondaracademy.com/api/tags
1 > Authorization: Tokenundefined
1 > Host: conduit-api.bondaracademy.com
1 > Connection: Keep-Alive
1 > User-Agent: Apache-HttpClient/4.5.14 (Java/17.0.10)
1 > Accept-Encoding: gzip,deflate


---------------------------------------------------------
feature: classpath:conduitApp/feature/Articles.feature
scenarios:  1 | passed:  1 | failed:  0 | time: 0.0005
---------------------------------------------------------

18:56:19.401 [pool-3-thread-1] INFO  com.intuit.karate.Suite - <<pass>> feature 1 of 2 (1 remaining) classpath:conduitApp/feature/Articles.feature
18:56:19.713 [pool-2-thread-2] DEBUG com.intuit.karate - response time in milliseconds: 495
1 < 200
1 < x-powered-by: Express
1 < vary: Origin
1 < content-type: application/json; charset=utf-8
1 < etag: W/"7a-Qzm8LbZcI9CSF1vyTLcdJG/ujGw"
1 < x-cloud-trace-context: a1ffd8cc7bf06e6d8379a4b1311a874b
1 < date: Fri, 02 May 2025 23:56:19 GMT
1 < server: Google Frontend
1 < Content-Length: 122
{"tags":["Test","Bondar Academy","YouTube","qa career","QA Skills","Value-Focused","Git","GitHub","Zoom","Live Sessions"]}

---------------------------------------------------------
feature: classpath:conduitApp/feature/HomePage.feature
scenarios:  1 | passed:  1 | failed:  0 | time: 0.5021
---------------------------------------------------------

18:56:19.762 [pool-3-thread-1] INFO  com.intuit.karate.Suite - <<pass>> feature 2 of 2 (0 remaining) classpath:conduitApp/feature/HomePage.feature
Karate version: 1.5.0
======================================================
elapsed:   1.40 | threads:    5 | thread time: 0.50 
features:     2 | skipped:    0 | efficiency: 0.07
scenarios:    2 | passed:     2 | failed: 0
======================================================

HTML report: (paste into browser to view) | Karate version: 1.5.0
file:///C:/Users/sandro%20v%20r/OneDrive%20-%20Universidad%20Nacional%20Agraria%20de%20la%20Selva/Desktop/test-practicas/practicas-1/myproject/target/karate-reports/karate-summary.html
===================================================================

]]></system-out>
  </testcase>
</testsuite>